[1210/231256.395:ERROR:directory_reader_win.cc(43)] FindFirstFile: The system cannot find the path specified. (0x3)
[1210/232424.323:ERROR:directory_reader_win.cc(43)] FindFirstFile: The system cannot find the path specified. (0x3)
[1210/233136.313:ERROR:process_reader_win.cc(123)] NtOpenThread: {Access Denied} A process has requested access to an object, but has not been granted those access rights. (0xc0000022)
[1210/233136.313:ERROR:exception_snapshot_win.cc(99)] thread ID 17056 not found in process
[1210/233136.369:ERROR:process_reader_win.cc(151)] SuspendThread: Access is denied. (0x5)
[1210/233136.369:ERROR:exception_snapshot_win.cc(99)] thread ID 14744 not found in process
[1210/233136.369:ERROR:scoped_process_suspend.cc(40)] NtResumeProcess: An attempt was made to access an exiting process. (0xc000010a)
[1210/233141.347:ERROR:process_reader_win.cc(123)] NtOpenThread: {Access Denied} A process has requested access to an object, but has not been granted those access rights. (0xc0000022)
[1210/233141.347:ERROR:exception_snapshot_win.cc(99)] thread ID 17220 not found in process
[1210/233141.379:ERROR:process_reader_win.cc(123)] NtOpenThread: {Access Denied} A process has requested access to an object, but has not been granted those access rights. (0xc0000022)
[1210/233141.379:ERROR:exception_snapshot_win.cc(99)] thread ID 9392 not found in process
[1210/233141.379:ERROR:scoped_process_suspend.cc(40)] NtResumeProcess: An attempt was made to access an exiting process. (0xc000010a)
[1210/233146.439:ERROR:process_reader_win.cc(123)] NtOpenThread: {Access Denied} A process has requested access to an object, but has not been granted those access rights. (0xc0000022)
[1210/233146.439:ERROR:exception_snapshot_win.cc(99)] thread ID 17340 not found in process
[1210/233146.494:ERROR:process_reader_win.cc(123)] NtOpenThread: {Access Denied} A process has requested access to an object, but has not been granted those access rights. (0xc0000022)
[1210/233146.494:ERROR:exception_snapshot_win.cc(99)] thread ID 16776 not found in process
[1210/233146.494:ERROR:scoped_process_suspend.cc(40)] NtResumeProcess: An attempt was made to access an exiting process. (0xc000010a)
[1211/012812.044:ERROR:directory_reader_win.cc(43)] FindFirstFile: The system cannot find the path specified. (0x3)
[1211/013101.508:ERROR:directory_reader_win.cc(43)] FindFirstFile: The system cannot find the path specified. (0x3)
[1211/013252.159:ERROR:directory_reader_win.cc(43)] FindFirstFile: The system cannot find the path specified. (0x3)
[1211/013325.076:ERROR:directory_reader_win.cc(43)] FindFirstFile: The system cannot find the path specified. (0x3)
[1211/013518.161:ERROR:process_reader_win.cc(123)] NtOpenThread: {Access Denied} A process has requested access to an object, but has not been granted those access rights. (0xc0000022)
[1211/013518.163:ERROR:exception_snapshot_win.cc(99)] thread ID 14488 not found in process
[1212/191240.938:ERROR:directory_reader_win.cc(43)] FindFirstFile: The system cannot find the path specified. (0x3)
[1212/213224.701:ERROR:directory_reader_win.cc(43)] FindFirstFile: The system cannot find the path specified. (0x3)
[1213/021155.033:ERROR:process_reader_win.cc(123)] NtOpenThread: {Access Denied} A process has requested access to an object, but has not been granted those access rights. (0xc0000022)
[1213/021155.034:ERROR:exception_snapshot_win.cc(99)] thread ID 14256 not found in process
[1214/014915.577:ERROR:directory_reader_win.cc(43)] FindFirstFile: The system cannot find the path specified. (0x3)
